2018-05-18 8:12:00 - PHP Notice:  Undefined index: RUB in /var/www/html/system/library/cart/currency.php on line 25
2018-05-18 8:12:00 - PHP Notice:  Undefined index: RUB in /var/www/html/system/library/cart/currency.php on line 26
2018-05-18 8:12:00 - PHP Notice:  Undefined index: RUB in /var/www/html/system/library/cart/currency.php on line 27
2018-05-18 8:12:00 - PHP Notice:  Undefined index: RUB in /var/www/html/system/library/cart/currency.php on line 30
2018-05-18 8:12:00 - PHP Notice:  Undefined index: RUB in /var/www/html/system/library/cart/currency.php on line 25
2018-05-18 8:12:00 - PHP Notice:  Undefined index: RUB in /var/www/html/system/library/cart/currency.php on line 26
2018-05-18 8:12:00 - PHP Notice:  Undefined index: RUB in /var/www/html/system/library/cart/currency.php on line 27
2018-05-18 8:12:00 - PHP Notice:  Undefined index: RUB in /var/www/html/system/library/cart/currency.php on line 30
2018-05-18 8:12:00 - PHP Notice:  Undefined index: RUB in /var/www/html/system/library/cart/currency.php on line 25
2018-05-18 8:12:00 - PHP Notice:  Undefined index: RUB in /var/www/html/system/library/cart/currency.php on line 26
2018-05-18 8:12:00 - PHP Notice:  Undefined index: RUB in /var/www/html/system/library/cart/currency.php on line 27
2018-05-18 8:12:00 - PHP Notice:  Undefined index: RUB in /var/www/html/system/library/cart/currency.php on line 30
2018-05-18 8:12:00 - PHP Notice:  Undefined index: RUB in /var/www/html/system/library/cart/currency.php on line 25
2018-05-18 8:12:00 - PHP Notice:  Undefined index: RUB in /var/www/html/system/library/cart/currency.php on line 26
2018-05-18 8:12:00 - PHP Notice:  Undefined index: RUB in /var/www/html/system/library/cart/currency.php on line 27
2018-05-18 8:12:00 - PHP Notice:  Undefined index: RUB in /var/www/html/system/library/cart/currency.php on line 30
2018-05-18 8:12:00 - PHP Notice:  Undefined index: RUB in /var/www/html/system/library/cart/currency.php on line 25
2018-05-18 8:12:00 - PHP Notice:  Undefined index: RUB in /var/www/html/system/library/cart/currency.php on line 26
2018-05-18 8:12:00 - PHP Notice:  Undefined index: RUB in /var/www/html/system/library/cart/currency.php on line 27
2018-05-18 8:12:00 - PHP Notice:  Undefined index: RUB in /var/www/html/system/library/cart/currency.php on line 30
2018-05-18 8:12:00 - PHP Notice:  Undefined index: RUB in /var/www/html/system/library/cart/currency.php on line 25
2018-05-18 8:12:00 - PHP Notice:  Undefined index: RUB in /var/www/html/system/library/cart/currency.php on line 26
2018-05-18 8:12:00 - PHP Notice:  Undefined index: RUB in /var/www/html/system/library/cart/currency.php on line 27
2018-05-18 8:12:00 - PHP Notice:  Undefined index: RUB in /var/www/html/system/library/cart/currency.php on line 30
2018-05-18 8:12:00 - PHP Notice:  Undefined index: RUB in /var/www/html/system/library/cart/currency.php on line 25
2018-05-18 8:12:00 - PHP Notice:  Undefined index: RUB in /var/www/html/system/library/cart/currency.php on line 26
2018-05-18 8:12:00 - PHP Notice:  Undefined index: RUB in /var/www/html/system/library/cart/currency.php on line 27
2018-05-18 8:12:00 - PHP Notice:  Undefined index: RUB in /var/www/html/system/library/cart/currency.php on line 30
2018-05-18 8:12:00 - PHP Notice:  Undefined index: RUB in /var/www/html/system/library/cart/currency.php on line 25
2018-05-18 8:12:00 - PHP Notice:  Undefined index: RUB in /var/www/html/system/library/cart/currency.php on line 26
2018-05-18 8:12:00 - PHP Notice:  Undefined index: RUB in /var/www/html/system/library/cart/currency.php on line 27
2018-05-18 8:12:00 - PHP Notice:  Undefined index: RUB in /var/www/html/system/library/cart/currency.php on line 30
2018-05-18 8:12:00 - PHP Notice:  Undefined index: RUB in /var/www/html/system/library/cart/currency.php on line 25
2018-05-18 8:12:00 - PHP Notice:  Undefined index: RUB in /var/www/html/system/library/cart/currency.php on line 26
2018-05-18 8:12:00 - PHP Notice:  Undefined index: RUB in /var/www/html/system/library/cart/currency.php on line 27
2018-05-18 8:12:00 - PHP Notice:  Undefined index: RUB in /var/www/html/system/library/cart/currency.php on line 30
2018-05-18 8:12:00 - PHP Notice:  Undefined index: RUB in /var/www/html/system/library/cart/currency.php on line 25
2018-05-18 8:12:00 - PHP Notice:  Undefined index: RUB in /var/www/html/system/library/cart/currency.php on line 26
2018-05-18 8:12:00 - PHP Notice:  Undefined index: RUB in /var/www/html/system/library/cart/currency.php on line 27
2018-05-18 8:12:00 - PHP Notice:  Undefined index: RUB in /var/www/html/system/library/cart/currency.php on line 30
2018-05-18 8:12:00 - PHP Notice:  Undefined index: RUB in /var/www/html/system/library/cart/currency.php on line 25
2018-05-18 8:12:00 - PHP Notice:  Undefined index: RUB in /var/www/html/system/library/cart/currency.php on line 26
2018-05-18 8:12:00 - PHP Notice:  Undefined index: RUB in /var/www/html/system/library/cart/currency.php on line 27
2018-05-18 8:12:00 - PHP Notice:  Undefined index: RUB in /var/www/html/system/library/cart/currency.php on line 30
2018-05-18 8:59:59 - PHP Warning:  unlink(/var/www/html/image/cache/catalog/import_yml/736/shalunishka-art-100-509-69262984519203-200x200.jpg): No such file or directory in /var/www/html/catalog/controller/extension/module/nitro.php on line 162
2018-05-18 8:59:59 - PHP Warning:  unlink(/var/www/html/image/cache/catalog/import_yml/736/shalunishka-art-100-509-16148249266876-200x200.jpg): No such file or directory in /var/www/html/catalog/controller/extension/module/nitro.php on line 162
2018-05-18 8:59:59 - PHP Warning:  unlink(/var/www/html/image/cache/catalog/import_yml/741/shalunishka-art-5543-741-66173345843950-200x200.jpg): No such file or directory in /var/www/html/catalog/controller/extension/module/nitro.php on line 162
2018-05-18 8:59:59 - PHP Warning:  unlink(/var/www/html/image/cache/catalog/import_yml/741/shalunishka-art-5543-741-71426936570141-200x200.jpg): No such file or directory in /var/www/html/catalog/controller/extension/module/nitro.php on line 162
2018-05-18 8:59:59 - PHP Warning:  unlink(/var/www/html/image/cache/catalog/import_yml/600/tom-m-art-7995d598-91393023232618-200x200.jpg): No such file or directory in /var/www/html/catalog/controller/extension/module/nitro.php on line 162
2018-05-18 8:59:59 - PHP Warning:  unlink(/var/www/html/image/cache/catalog/import_yml/600/tom-m-art-7995d598-27302763528293-200x200.jpg): No such file or directory in /var/www/html/catalog/controller/extension/module/nitro.php on line 162
2018-05-18 8:59:59 - PHP Warning:  unlink(/var/www/html/image/cache/catalog/demo/manufacturer/nfl-130x100.png): No such file or directory in /var/www/html/catalog/controller/extension/module/nitro.php on line 162
2018-05-18 8:59:59 - PHP Warning:  unlink(/var/www/html/image/cache/catalog/demo/manufacturer/redbull-130x100.png): No such file or directory in /var/www/html/catalog/controller/extension/module/nitro.php on line 162
2018-05-18 8:59:59 - PHP Warning:  filectime(): stat failed for /var/www/html/image/cache/catalog/demo/manufacturer/sony-130x100.png in /var/www/html/catalog/controller/extension/module/nitro.php on line 159
2018-05-18 8:59:59 - PHP Warning:  unlink(/var/www/html/image/cache/catalog/demo/manufacturer/sony-130x100.png): No such file or directory in /var/www/html/catalog/controller/extension/module/nitro.php on line 162
2018-05-18 8:59:59 - PHP Warning:  unlink(/var/www/html/image/cache/catalog/demo/manufacturer/cocacola-130x100.png): No such file or directory in /var/www/html/catalog/controller/extension/module/nitro.php on line 162
2018-05-18 8:59:59 - PHP Warning:  unlink(/var/www/html/image/cache/catalog/demo/manufacturer/burgerking-130x100.png): No such file or directory in /var/www/html/catalog/controller/extension/module/nitro.php on line 162
2018-05-18 16:31:48 - PHP Warning:  unlink(/var/www/html/storage/cache/cache.catalog.language.1526664708): No such file or directory in /var/www/html/system/library/cache/file.php on line 68
2018-05-18 17:12:34 - PHP Warning:  Missing argument 2 for Template::__construct(), called in /var/www/html/storage/modification/system/engine/loader.php on line 119 and defined in /var/www/html/storage/modification/system/library/template.php on line 24
2018-05-18 17:12:34 - PHP Notice:  Undefined variable: registry in /var/www/html/storage/modification/system/library/template.php on line 31
2018-05-18 19:20:53 - PHP Notice:  Undefined index: HTTP_USER_AGENT in /var/www/html/catalog/controller/extension/module/d_ajax_search.php on line 27
2018-05-18 21:08:20 - PHP Notice:  Undefined index: HTTP_USER_AGENT in /var/www/html/catalog/controller/extension/module/d_ajax_search.php on line 27
2018-05-19 5:46:18 - PHP Warning:  unlink(/var/www/html/storage/cache/cache.catalog.language.1526712377): No such file or directory in /var/www/html/system/library/cache/file.php on line 68
2018-05-19 5:46:21 - PHP Warning:  unlink(/var/www/html/storage/cache/cache.catalog.language.1526712381): No such file or directory in /var/www/html/system/library/cache/file.php on line 68
2018-05-19 7:18:35 - PHP Notice:  Undefined index: HTTP_USER_AGENT in /var/www/html/catalog/controller/extension/module/d_ajax_search.php on line 27
2018-05-19 22:16:03 - PHP Notice:  getimagesize(): Read error! in /var/www/html/storage/modification/catalog/model/tool/image.php on line 14
2018-05-19 22:16:11 - PHP Notice:  getimagesize(): Read error! in /var/www/html/storage/modification/catalog/model/tool/image.php on line 14
2018-05-19 22:16:11 - PHP Notice:  getimagesize(): Read error! in /var/www/html/storage/modification/catalog/model/tool/image.php on line 14
2018-05-19 22:16:11 - PHP Notice:  getimagesize(): Read error! in /var/www/html/storage/modification/catalog/model/tool/image.php on line 14
2018-05-19 22:35:32 - PHP Warning:  unlink(/var/www/html/storage/cache/cache.catalog.language.1526772931): No such file or directory in /var/www/html/system/library/cache/file.php on line 68
2018-05-19 22:45:49 - PHP Notice:  Undefined index: HTTP_USER_AGENT in /var/www/html/catalog/controller/extension/module/d_ajax_search.php on line 27
2018-05-19 22:49:03 - PHP Notice:  Undefined index: HTTP_USER_AGENT in /var/www/html/catalog/controller/extension/module/d_ajax_search.php on line 27
2018-05-19 23:16:33 - PHP Notice:  Error: Could not load config sla_seo_pro! in /var/www/html/storage/modification/system/library/config.php on line 63
2018-05-19 23:17:13 - PHP Notice:  Error: Could not load config sla_seo_pro! in /var/www/html/storage/modification/system/library/config.php on line 63
2018-05-19 23:19:16 - PHP Notice:  Error: Could not load config sla_seo_pro! in /var/www/html/storage/modification/system/library/config.php on line 63
2018-05-20 1:00:01 - PHP Notice:  Undefined index: HTTP_USER_AGENT in /var/www/html/catalog/controller/extension/module/d_ajax_search.php on line 27
2018-05-20 1:02:25 - PHP Notice:  Undefined index: HTTP_USER_AGENT in /var/www/html/catalog/controller/extension/module/d_ajax_search.php on line 27
2018-05-20 6:47:31 - PHP Notice:  getimagesize(): Read error! in /var/www/html/storage/modification/catalog/model/tool/image.php on line 14
2018-05-20 10:32:07 - PHP Notice:  Undefined index: HTTP_USER_AGENT in /var/www/html/catalog/controller/extension/module/d_ajax_search.php on line 27
2018-05-20 12:39:22 - PHP Notice:  Undefined variable: query in /var/www/html/storage/modification/catalog/controller/startup/seo_url.php on line 107
2018-05-20 12:39:22 - PHP Notice:  Trying to get property of non-object in /var/www/html/storage/modification/catalog/controller/startup/seo_url.php on line 107
2018-05-20 12:39:22 - PHP Notice:  Undefined variable: query in /var/www/html/storage/modification/catalog/controller/startup/seo_url.php on line 107
2018-05-20 12:39:22 - PHP Notice:  Trying to get property of non-object in /var/www/html/storage/modification/catalog/controller/startup/seo_url.php on line 107
2018-05-20 12:39:22 - PHP Notice:  Undefined variable: query in /var/www/html/storage/modification/catalog/controller/startup/seo_url.php on line 107
2018-05-20 12:39:22 - PHP Notice:  Trying to get property of non-object in /var/www/html/storage/modification/catalog/controller/startup/seo_url.php on line 107
2018-05-20 12:39:38 - PHP Notice:  Undefined variable: query in /var/www/html/storage/modification/catalog/controller/startup/seo_url.php on line 107
2018-05-20 12:39:38 - PHP Notice:  Trying to get property of non-object in /var/www/html/storage/modification/catalog/controller/startup/seo_url.php on line 107
2018-05-20 12:39:38 - PHP Notice:  Undefined variable: query in /var/www/html/storage/modification/catalog/controller/startup/seo_url.php on line 107
2018-05-20 12:39:38 - PHP Notice:  Trying to get property of non-object in /var/www/html/storage/modification/catalog/controller/startup/seo_url.php on line 107
2018-05-20 12:39:38 - PHP Notice:  Undefined variable: query in /var/www/html/storage/modification/catalog/controller/startup/seo_url.php on line 107
2018-05-20 12:39:38 - PHP Notice:  Trying to get property of non-object in /var/www/html/storage/modification/catalog/controller/startup/seo_url.php on line 107
2018-05-20 12:39:40 - PHP Notice:  Undefined variable: query in /var/www/html/storage/modification/catalog/controller/startup/seo_url.php on line 107
2018-05-20 12:39:40 - PHP Notice:  Trying to get property of non-object in /var/www/html/storage/modification/catalog/controller/startup/seo_url.php on line 107
2018-05-20 12:39:40 - PHP Notice:  Undefined variable: query in /var/www/html/storage/modification/catalog/controller/startup/seo_url.php on line 107
2018-05-20 12:39:40 - PHP Notice:  Trying to get property of non-object in /var/www/html/storage/modification/catalog/controller/startup/seo_url.php on line 107
2018-05-20 12:39:40 - PHP Notice:  Undefined variable: query in /var/www/html/storage/modification/catalog/controller/startup/seo_url.php on line 107
2018-05-20 12:39:40 - PHP Notice:  Trying to get property of non-object in /var/www/html/storage/modification/catalog/controller/startup/seo_url.php on line 107
2018-05-20 12:39:44 - PHP Notice:  Undefined variable: query in /var/www/html/storage/modification/catalog/controller/startup/seo_url.php on line 107
2018-05-20 12:39:44 - PHP Notice:  Trying to get property of non-object in /var/www/html/storage/modification/catalog/controller/startup/seo_url.php on line 107
2018-05-20 12:39:44 - PHP Notice:  Undefined variable: query in /var/www/html/storage/modification/catalog/controller/startup/seo_url.php on line 107
2018-05-20 12:39:44 - PHP Notice:  Trying to get property of non-object in /var/www/html/storage/modification/catalog/controller/startup/seo_url.php on line 107
2018-05-20 12:39:44 - PHP Notice:  Undefined variable: query in /var/www/html/storage/modification/catalog/controller/startup/seo_url.php on line 107
2018-05-20 12:39:44 - PHP Notice:  Trying to get property of non-object in /var/www/html/storage/modification/catalog/controller/startup/seo_url.php on line 107
2018-05-20 12:56:13 - PHP Notice:  Undefined variable: query in /var/www/html/storage/modification/catalog/controller/startup/seo_url.php on line 101
2018-05-20 12:56:13 - PHP Notice:  Trying to get property of non-object in /var/www/html/storage/modification/catalog/controller/startup/seo_url.php on line 101
2018-05-20 12:56:13 - PHP Notice:  Undefined variable: query in /var/www/html/storage/modification/catalog/controller/startup/seo_url.php on line 101
2018-05-20 12:56:13 - PHP Notice:  Trying to get property of non-object in /var/www/html/storage/modification/catalog/controller/startup/seo_url.php on line 101
2018-05-20 12:56:13 - PHP Notice:  Undefined variable: query in /var/www/html/storage/modification/catalog/controller/startup/seo_url.php on line 101
2018-05-20 12:56:13 - PHP Notice:  Trying to get property of non-object in /var/www/html/storage/modification/catalog/controller/startup/seo_url.php on line 101
2018-05-20 12:56:13 - PHP Notice:  Undefined variable: query in /var/www/html/storage/modification/catalog/controller/startup/seo_url.php on line 101
2018-05-20 12:56:13 - PHP Notice:  Trying to get property of non-object in /var/www/html/storage/modification/catalog/controller/startup/seo_url.php on line 101
2018-05-20 12:56:16 - PHP Notice:  Undefined variable: query in /var/www/html/storage/modification/catalog/controller/startup/seo_url.php on line 101
2018-05-20 12:56:16 - PHP Notice:  Trying to get property of non-object in /var/www/html/storage/modification/catalog/controller/startup/seo_url.php on line 101
2018-05-20 12:56:16 - PHP Notice:  Undefined variable: query in /var/www/html/storage/modification/catalog/controller/startup/seo_url.php on line 101
2018-05-20 12:56:16 - PHP Notice:  Trying to get property of non-object in /var/www/html/storage/modification/catalog/controller/startup/seo_url.php on line 101
2018-05-20 12:56:16 - PHP Notice:  Undefined variable: query in /var/www/html/storage/modification/catalog/controller/startup/seo_url.php on line 101
2018-05-20 12:56:16 - PHP Notice:  Trying to get property of non-object in /var/www/html/storage/modification/catalog/controller/startup/seo_url.php on line 101
2018-05-20 12:56:16 - PHP Notice:  Undefined variable: query in /var/www/html/storage/modification/catalog/controller/startup/seo_url.php on line 101
2018-05-20 12:56:16 - PHP Notice:  Trying to get property of non-object in /var/www/html/storage/modification/catalog/controller/startup/seo_url.php on line 101
2018-05-20 12:56:17 - PHP Notice:  Undefined variable: query in /var/www/html/storage/modification/catalog/controller/startup/seo_url.php on line 101
2018-05-20 12:56:17 - PHP Notice:  Trying to get property of non-object in /var/www/html/storage/modification/catalog/controller/startup/seo_url.php on line 101
2018-05-20 12:56:17 - PHP Notice:  Undefined variable: query in /var/www/html/storage/modification/catalog/controller/startup/seo_url.php on line 101
2018-05-20 12:56:17 - PHP Notice:  Trying to get property of non-object in /var/www/html/storage/modification/catalog/controller/startup/seo_url.php on line 101
2018-05-20 12:56:18 - PHP Notice:  Undefined variable: query in /var/www/html/storage/modification/catalog/controller/startup/seo_url.php on line 101
2018-05-20 12:56:18 - PHP Notice:  Trying to get property of non-object in /var/www/html/storage/modification/catalog/controller/startup/seo_url.php on line 101
2018-05-20 12:56:18 - PHP Notice:  Undefined variable: query in /var/www/html/storage/modification/catalog/controller/startup/seo_url.php on line 101
2018-05-20 12:56:18 - PHP Notice:  Trying to get property of non-object in /var/www/html/storage/modification/catalog/controller/startup/seo_url.php on line 101
2018-05-20 12:56:19 - PHP Notice:  Undefined variable: query in /var/www/html/storage/modification/catalog/controller/startup/seo_url.php on line 101
2018-05-20 12:56:19 - PHP Notice:  Trying to get property of non-object in /var/www/html/storage/modification/catalog/controller/startup/seo_url.php on line 101
2018-05-20 12:56:19 - PHP Notice:  Undefined variable: query in /var/www/html/storage/modification/catalog/controller/startup/seo_url.php on line 101
2018-05-20 12:56:19 - PHP Notice:  Trying to get property of non-object in /var/www/html/storage/modification/catalog/controller/startup/seo_url.php on line 101
2018-05-20 12:56:19 - PHP Notice:  Undefined variable: query in /var/www/html/storage/modification/catalog/controller/startup/seo_url.php on line 101
2018-05-20 12:56:19 - PHP Notice:  Trying to get property of non-object in /var/www/html/storage/modification/catalog/controller/startup/seo_url.php on line 101
2018-05-20 12:56:19 - PHP Notice:  Undefined variable: query in /var/www/html/storage/modification/catalog/controller/startup/seo_url.php on line 101
2018-05-20 12:56:19 - PHP Notice:  Trying to get property of non-object in /var/www/html/storage/modification/catalog/controller/startup/seo_url.php on line 101
2018-05-20 12:56:23 - PHP Notice:  Undefined variable: query in /var/www/html/storage/modification/catalog/controller/startup/seo_url.php on line 101
2018-05-20 12:56:23 - PHP Notice:  Trying to get property of non-object in /var/www/html/storage/modification/catalog/controller/startup/seo_url.php on line 101
2018-05-20 12:56:23 - PHP Notice:  Undefined variable: query in /var/www/html/storage/modification/catalog/controller/startup/seo_url.php on line 101
2018-05-20 12:56:23 - PHP Notice:  Trying to get property of non-object in /var/www/html/storage/modification/catalog/controller/startup/seo_url.php on line 101
2018-05-20 12:56:23 - PHP Notice:  Undefined variable: query in /var/www/html/storage/modification/catalog/controller/startup/seo_url.php on line 101
2018-05-20 12:56:23 - PHP Notice:  Trying to get property of non-object in /var/www/html/storage/modification/catalog/controller/startup/seo_url.php on line 101
2018-05-20 12:56:23 - PHP Notice:  Undefined variable: query in /var/www/html/storage/modification/catalog/controller/startup/seo_url.php on line 101
2018-05-20 12:56:23 - PHP Notice:  Trying to get property of non-object in /var/www/html/storage/modification/catalog/controller/startup/seo_url.php on line 101
2018-05-20 12:56:24 - PHP Notice:  Undefined variable: query in /var/www/html/storage/modification/catalog/controller/startup/seo_url.php on line 101
2018-05-20 12:56:24 - PHP Notice:  Trying to get property of non-object in /var/www/html/storage/modification/catalog/controller/startup/seo_url.php on line 101
2018-05-20 12:56:24 - PHP Notice:  Undefined variable: query in /var/www/html/storage/modification/catalog/controller/startup/seo_url.php on line 101
2018-05-20 12:56:24 - PHP Notice:  Trying to get property of non-object in /var/www/html/storage/modification/catalog/controller/startup/seo_url.php on line 101
2018-05-20 12:56:24 - PHP Notice:  Undefined variable: query in /var/www/html/storage/modification/catalog/controller/startup/seo_url.php on line 101
2018-05-20 12:56:24 - PHP Notice:  Trying to get property of non-object in /var/www/html/storage/modification/catalog/controller/startup/seo_url.php on line 101
2018-05-20 12:56:24 - PHP Notice:  Undefined variable: query in /var/www/html/storage/modification/catalog/controller/startup/seo_url.php on line 101
2018-05-20 12:56:24 - PHP Notice:  Trying to get property of non-object in /var/www/html/storage/modification/catalog/controller/startup/seo_url.php on line 101
2018-05-20 12:57:36 - PHP Notice:  Undefined variable: query in /var/www/html/storage/modification/catalog/controller/startup/seo_url.php on line 101
2018-05-20 12:57:36 - PHP Notice:  Trying to get property of non-object in /var/www/html/storage/modification/catalog/controller/startup/seo_url.php on line 101
2018-05-20 12:57:36 - PHP Notice:  Undefined variable: query in /var/www/html/storage/modification/catalog/controller/startup/seo_url.php on line 101
2018-05-20 12:57:36 - PHP Notice:  Trying to get property of non-object in /var/www/html/storage/modification/catalog/controller/startup/seo_url.php on line 101
2018-05-20 12:57:36 - PHP Notice:  Undefined variable: query in /var/www/html/storage/modification/catalog/controller/startup/seo_url.php on line 101
2018-05-20 12:57:36 - PHP Notice:  Trying to get property of non-object in /var/www/html/storage/modification/catalog/controller/startup/seo_url.php on line 101
2018-05-20 12:57:36 - PHP Notice:  Undefined variable: query in /var/www/html/storage/modification/catalog/controller/startup/seo_url.php on line 101
2018-05-20 12:57:36 - PHP Notice:  Trying to get property of non-object in /var/www/html/storage/modification/catalog/controller/startup/seo_url.php on line 101
2018-05-20 12:57:38 - PHP Notice:  Undefined variable: query in /var/www/html/storage/modification/catalog/controller/startup/seo_url.php on line 101
2018-05-20 12:57:38 - PHP Notice:  Trying to get property of non-object in /var/www/html/storage/modification/catalog/controller/startup/seo_url.php on line 101
2018-05-20 12:57:38 - PHP Notice:  Undefined variable: query in /var/www/html/storage/modification/catalog/controller/startup/seo_url.php on line 101
2018-05-20 12:57:38 - PHP Notice:  Trying to get property of non-object in /var/www/html/storage/modification/catalog/controller/startup/seo_url.php on line 101
2018-05-20 12:57:38 - PHP Notice:  Undefined variable: query in /var/www/html/storage/modification/catalog/controller/startup/seo_url.php on line 101
2018-05-20 12:57:38 - PHP Notice:  Trying to get property of non-object in /var/www/html/storage/modification/catalog/controller/startup/seo_url.php on line 101
2018-05-20 12:57:38 - PHP Notice:  Undefined variable: query in /var/www/html/storage/modification/catalog/controller/startup/seo_url.php on line 101
2018-05-20 12:57:38 - PHP Notice:  Trying to get property of non-object in /var/www/html/storage/modification/catalog/controller/startup/seo_url.php on line 101
2018-05-20 13:01:55 - PHP Notice:  Undefined index: HTTP_USER_AGENT in /var/www/html/catalog/controller/extension/module/d_ajax_search.php on line 27
2018-05-20 13:18:43 - PHP Notice:  getimagesize(): Read error! in /var/www/html/storage/modification/catalog/model/tool/image.php on line 14
2018-05-20 13:18:48 - PHP Notice:  getimagesize(): Read error! in /var/www/html/storage/modification/catalog/model/tool/image.php on line 14
2018-05-20 13:18:48 - PHP Notice:  getimagesize(): Read error! in /var/www/html/storage/modification/catalog/model/tool/image.php on line 14
2018-05-20 13:18:48 - PHP Notice:  getimagesize(): Read error! in /var/www/html/storage/modification/catalog/model/tool/image.php on line 14
2018-05-20 13:19:10 - PHP Notice:  getimagesize(): Read error! in /var/www/html/admin/model/tool/image.php on line 14
2018-05-20 13:19:13 - PHP Notice:  getimagesize(): Read error! in /var/www/html/admin/model/tool/image.php on line 14
2018-05-20 13:20:35 - PHP Notice:  getimagesize(): Read error! in /var/www/html/admin/model/tool/image.php on line 14
2018-05-20 18:54:54 - PHP Notice:  Undefined variable: data in /var/www/html/catalog/controller/extension/seo_pro.php on line 311
2018-05-20 18:55:05 - PHP Notice:  Undefined variable: data in /var/www/html/catalog/controller/extension/seo_pro.php on line 311
2018-05-20 18:55:08 - PHP Notice:  Undefined variable: data in /var/www/html/catalog/controller/extension/seo_pro.php on line 311
2018-05-20 18:55:10 - PHP Notice:  Undefined variable: data in /var/www/html/catalog/controller/extension/seo_pro.php on line 311
2018-05-20 18:55:11 - PHP Notice:  Undefined variable: data in /var/www/html/catalog/controller/extension/seo_pro.php on line 311
2018-05-20 18:55:12 - PHP Notice:  Undefined variable: data in /var/www/html/catalog/controller/extension/seo_pro.php on line 311
2018-05-20 18:55:17 - PHP Notice:  Undefined variable: data in /var/www/html/catalog/controller/extension/seo_pro.php on line 311
2018-05-20 18:55:17 - PHP Notice:  Undefined variable: data in /var/www/html/catalog/controller/extension/seo_pro.php on line 311
2018-05-20 18:55:18 - PHP Notice:  Undefined variable: data in /var/www/html/catalog/controller/extension/seo_pro.php on line 311
2018-05-20 18:55:21 - PHP Notice:  Undefined variable: data in /var/www/html/catalog/controller/extension/seo_pro.php on line 311
2018-05-20 18:55:54 - PHP Notice:  Undefined variable: url in /var/www/html/catalog/controller/extension/seo_pro.php on line 312
2018-05-20 18:55:54 - PHP Notice:  Undefined variable: data in /var/www/html/catalog/controller/extension/seo_pro.php on line 313
2018-05-20 18:55:54 - PHP Notice:  Undefined variable: key in /var/www/html/catalog/controller/extension/seo_pro.php on line 313
2018-05-20 18:55:56 - PHP Notice:  Undefined variable: url in /var/www/html/catalog/controller/extension/seo_pro.php on line 312
2018-05-20 18:55:56 - PHP Notice:  Undefined variable: data in /var/www/html/catalog/controller/extension/seo_pro.php on line 313
2018-05-20 18:55:56 - PHP Notice:  Undefined variable: key in /var/www/html/catalog/controller/extension/seo_pro.php on line 313
2018-05-20 18:57:35 - PHP Notice:  Undefined variable: url in /var/www/html/catalog/controller/extension/seo_pro.php on line 312
2018-05-20 18:57:37 - PHP Notice:  Undefined variable: url in /var/www/html/catalog/controller/extension/seo_pro.php on line 312
2018-05-20 18:58:03 - PHP Notice:  Undefined variable: link in /var/www/html/catalog/controller/extension/seo_pro.php on line 312
2018-05-20 18:58:04 - PHP Notice:  Undefined variable: link in /var/www/html/catalog/controller/extension/seo_pro.php on line 312
2018-05-20 18:58:07 - PHP Notice:  Undefined variable: link in /var/www/html/catalog/controller/extension/seo_pro.php on line 312
2018-05-20 19:00:56 - PHP Notice:  Undefined variable: link in /var/www/html/catalog/controller/extension/seo_pro.php on line 309
2018-05-20 19:00:56 - PHP Notice:  Undefined index: route in /var/www/html/catalog/controller/extension/seo_pro.php on line 326
2018-05-20 19:00:56 - PHP Notice:  Undefined variable: link in /var/www/html/catalog/controller/extension/seo_pro.php on line 309
2018-05-20 19:01:24 - PHP Notice:  Undefined index: route in /var/www/html/admin/controller/extension/module/seo_urls.php on line 141
2018-05-20 19:01:24 - PHP Warning:  Invalid argument supplied for foreach() in /var/www/html/admin/controller/extension/module/seo_urls.php on line 141
2018-05-20 19:01:24 - PHP Notice:  Undefined index: route in /var/www/html/admin/controller/extension/module/seo_urls.php on line 22
2018-05-20 19:01:24 - PHP Warning:  Invalid argument supplied for foreach() in /var/www/html/admin/controller/extension/module/seo_urls.php on line 22
2018-05-20 19:03:25 - PHP Notice:  Undefined variable: link in /var/www/html/catalog/controller/extension/seo_pro.php on line 309
2018-05-20 19:03:25 - PHP Notice:  Undefined index: route in /var/www/html/catalog/controller/extension/seo_pro.php on line 323
2018-05-20 19:03:25 - PHP Notice:  Undefined variable: link in /var/www/html/catalog/controller/extension/seo_pro.php on line 309
2018-05-20 19:03:27 - PHP Notice:  Undefined variable: link in /var/www/html/catalog/controller/extension/seo_pro.php on line 309
2018-05-20 19:03:27 - PHP Notice:  Undefined index: route in /var/www/html/catalog/controller/extension/seo_pro.php on line 323
2018-05-20 19:03:27 - PHP Notice:  Undefined variable: link in /var/www/html/catalog/controller/extension/seo_pro.php on line 309
2018-05-20 19:03:31 - PHP Notice:  Undefined variable: link in /var/www/html/catalog/controller/extension/seo_pro.php on line 309
2018-05-20 19:03:31 - PHP Notice:  Undefined index: route in /var/www/html/catalog/controller/extension/seo_pro.php on line 323
2018-05-20 19:03:31 - PHP Notice:  Undefined variable: link in /var/www/html/catalog/controller/extension/seo_pro.php on line 309
2018-05-20 19:03:32 - PHP Notice:  Undefined variable: link in /var/www/html/catalog/controller/extension/seo_pro.php on line 309
2018-05-20 19:03:32 - PHP Notice:  Undefined index: route in /var/www/html/catalog/controller/extension/seo_pro.php on line 323
2018-05-20 19:03:32 - PHP Notice:  Undefined variable: link in /var/www/html/catalog/controller/extension/seo_pro.php on line 309
2018-05-20 19:03:36 - PHP Notice:  Undefined variable: link in /var/www/html/catalog/controller/extension/seo_pro.php on line 309
2018-05-20 19:03:36 - PHP Notice:  Undefined index: route in /var/www/html/catalog/controller/extension/seo_pro.php on line 323
2018-05-20 19:03:36 - PHP Notice:  Undefined variable: link in /var/www/html/catalog/controller/extension/seo_pro.php on line 309
2018-05-20 19:03:41 - PHP Notice:  Undefined variable: link in /var/www/html/catalog/controller/extension/seo_pro.php on line 309
2018-05-20 19:03:41 - PHP Notice:  Undefined index: route in /var/www/html/catalog/controller/extension/seo_pro.php on line 323
2018-05-20 19:03:41 - PHP Notice:  Undefined variable: link in /var/www/html/catalog/controller/extension/seo_pro.php on line 309
2018-05-20 19:27:10 - PHP Notice:  Undefined index: HTTP_USER_AGENT in /var/www/html/catalog/controller/extension/module/d_ajax_search.php on line 27
2018-05-20 19:40:53 - PHP Notice:  Undefined index: HTTP_USER_AGENT in /var/www/html/catalog/controller/extension/module/d_ajax_search.php on line 27
