2018-05-18 8:12:00 - PHP Notice:  Undefined index: RUB in /var/www/html/system/library/cart/currency.php on line 25
2018-05-18 8:12:00 - PHP Notice:  Undefined index: RUB in /var/www/html/system/library/cart/currency.php on line 26
2018-05-18 8:12:00 - PHP Notice:  Undefined index: RUB in /var/www/html/system/library/cart/currency.php on line 27
2018-05-18 8:12:00 - PHP Notice:  Undefined index: RUB in /var/www/html/system/library/cart/currency.php on line 30
2018-05-18 8:12:00 - PHP Notice:  Undefined index: RUB in /var/www/html/system/library/cart/currency.php on line 25
2018-05-18 8:12:00 - PHP Notice:  Undefined index: RUB in /var/www/html/system/library/cart/currency.php on line 26
2018-05-18 8:12:00 - PHP Notice:  Undefined index: RUB in /var/www/html/system/library/cart/currency.php on line 27
2018-05-18 8:12:00 - PHP Notice:  Undefined index: RUB in /var/www/html/system/library/cart/currency.php on line 30
2018-05-18 8:12:00 - PHP Notice:  Undefined index: RUB in /var/www/html/system/library/cart/currency.php on line 25
2018-05-18 8:12:00 - PHP Notice:  Undefined index: RUB in /var/www/html/system/library/cart/currency.php on line 26
2018-05-18 8:12:00 - PHP Notice:  Undefined index: RUB in /var/www/html/system/library/cart/currency.php on line 27
2018-05-18 8:12:00 - PHP Notice:  Undefined index: RUB in /var/www/html/system/library/cart/currency.php on line 30
2018-05-18 8:12:00 - PHP Notice:  Undefined index: RUB in /var/www/html/system/library/cart/currency.php on line 25
2018-05-18 8:12:00 - PHP Notice:  Undefined index: RUB in /var/www/html/system/library/cart/currency.php on line 26
2018-05-18 8:12:00 - PHP Notice:  Undefined index: RUB in /var/www/html/system/library/cart/currency.php on line 27
2018-05-18 8:12:00 - PHP Notice:  Undefined index: RUB in /var/www/html/system/library/cart/currency.php on line 30
2018-05-18 8:12:00 - PHP Notice:  Undefined index: RUB in /var/www/html/system/library/cart/currency.php on line 25
2018-05-18 8:12:00 - PHP Notice:  Undefined index: RUB in /var/www/html/system/library/cart/currency.php on line 26
2018-05-18 8:12:00 - PHP Notice:  Undefined index: RUB in /var/www/html/system/library/cart/currency.php on line 27
2018-05-18 8:12:00 - PHP Notice:  Undefined index: RUB in /var/www/html/system/library/cart/currency.php on line 30
2018-05-18 8:12:00 - PHP Notice:  Undefined index: RUB in /var/www/html/system/library/cart/currency.php on line 25
2018-05-18 8:12:00 - PHP Notice:  Undefined index: RUB in /var/www/html/system/library/cart/currency.php on line 26
2018-05-18 8:12:00 - PHP Notice:  Undefined index: RUB in /var/www/html/system/library/cart/currency.php on line 27
2018-05-18 8:12:00 - PHP Notice:  Undefined index: RUB in /var/www/html/system/library/cart/currency.php on line 30
2018-05-18 8:12:00 - PHP Notice:  Undefined index: RUB in /var/www/html/system/library/cart/currency.php on line 25
2018-05-18 8:12:00 - PHP Notice:  Undefined index: RUB in /var/www/html/system/library/cart/currency.php on line 26
2018-05-18 8:12:00 - PHP Notice:  Undefined index: RUB in /var/www/html/system/library/cart/currency.php on line 27
2018-05-18 8:12:00 - PHP Notice:  Undefined index: RUB in /var/www/html/system/library/cart/currency.php on line 30
2018-05-18 8:12:00 - PHP Notice:  Undefined index: RUB in /var/www/html/system/library/cart/currency.php on line 25
2018-05-18 8:12:00 - PHP Notice:  Undefined index: RUB in /var/www/html/system/library/cart/currency.php on line 26
2018-05-18 8:12:00 - PHP Notice:  Undefined index: RUB in /var/www/html/system/library/cart/currency.php on line 27
2018-05-18 8:12:00 - PHP Notice:  Undefined index: RUB in /var/www/html/system/library/cart/currency.php on line 30
2018-05-18 8:12:00 - PHP Notice:  Undefined index: RUB in /var/www/html/system/library/cart/currency.php on line 25
2018-05-18 8:12:00 - PHP Notice:  Undefined index: RUB in /var/www/html/system/library/cart/currency.php on line 26
2018-05-18 8:12:00 - PHP Notice:  Undefined index: RUB in /var/www/html/system/library/cart/currency.php on line 27
2018-05-18 8:12:00 - PHP Notice:  Undefined index: RUB in /var/www/html/system/library/cart/currency.php on line 30
2018-05-18 8:12:00 - PHP Notice:  Undefined index: RUB in /var/www/html/system/library/cart/currency.php on line 25
2018-05-18 8:12:00 - PHP Notice:  Undefined index: RUB in /var/www/html/system/library/cart/currency.php on line 26
2018-05-18 8:12:00 - PHP Notice:  Undefined index: RUB in /var/www/html/system/library/cart/currency.php on line 27
2018-05-18 8:12:00 - PHP Notice:  Undefined index: RUB in /var/www/html/system/library/cart/currency.php on line 30
2018-05-18 8:12:00 - PHP Notice:  Undefined index: RUB in /var/www/html/system/library/cart/currency.php on line 25
2018-05-18 8:12:00 - PHP Notice:  Undefined index: RUB in /var/www/html/system/library/cart/currency.php on line 26
2018-05-18 8:12:00 - PHP Notice:  Undefined index: RUB in /var/www/html/system/library/cart/currency.php on line 27
2018-05-18 8:12:00 - PHP Notice:  Undefined index: RUB in /var/www/html/system/library/cart/currency.php on line 30
2018-05-18 8:59:59 - PHP Warning:  unlink(/var/www/html/image/cache/catalog/import_yml/736/shalunishka-art-100-509-69262984519203-200x200.jpg): No such file or directory in /var/www/html/catalog/controller/extension/module/nitro.php on line 162
2018-05-18 8:59:59 - PHP Warning:  unlink(/var/www/html/image/cache/catalog/import_yml/736/shalunishka-art-100-509-16148249266876-200x200.jpg): No such file or directory in /var/www/html/catalog/controller/extension/module/nitro.php on line 162
2018-05-18 8:59:59 - PHP Warning:  unlink(/var/www/html/image/cache/catalog/import_yml/741/shalunishka-art-5543-741-66173345843950-200x200.jpg): No such file or directory in /var/www/html/catalog/controller/extension/module/nitro.php on line 162
2018-05-18 8:59:59 - PHP Warning:  unlink(/var/www/html/image/cache/catalog/import_yml/741/shalunishka-art-5543-741-71426936570141-200x200.jpg): No such file or directory in /var/www/html/catalog/controller/extension/module/nitro.php on line 162
2018-05-18 8:59:59 - PHP Warning:  unlink(/var/www/html/image/cache/catalog/import_yml/600/tom-m-art-7995d598-91393023232618-200x200.jpg): No such file or directory in /var/www/html/catalog/controller/extension/module/nitro.php on line 162
2018-05-18 8:59:59 - PHP Warning:  unlink(/var/www/html/image/cache/catalog/import_yml/600/tom-m-art-7995d598-27302763528293-200x200.jpg): No such file or directory in /var/www/html/catalog/controller/extension/module/nitro.php on line 162
2018-05-18 8:59:59 - PHP Warning:  unlink(/var/www/html/image/cache/catalog/demo/manufacturer/nfl-130x100.png): No such file or directory in /var/www/html/catalog/controller/extension/module/nitro.php on line 162
2018-05-18 8:59:59 - PHP Warning:  unlink(/var/www/html/image/cache/catalog/demo/manufacturer/redbull-130x100.png): No such file or directory in /var/www/html/catalog/controller/extension/module/nitro.php on line 162
2018-05-18 8:59:59 - PHP Warning:  filectime(): stat failed for /var/www/html/image/cache/catalog/demo/manufacturer/sony-130x100.png in /var/www/html/catalog/controller/extension/module/nitro.php on line 159
2018-05-18 8:59:59 - PHP Warning:  unlink(/var/www/html/image/cache/catalog/demo/manufacturer/sony-130x100.png): No such file or directory in /var/www/html/catalog/controller/extension/module/nitro.php on line 162
2018-05-18 8:59:59 - PHP Warning:  unlink(/var/www/html/image/cache/catalog/demo/manufacturer/cocacola-130x100.png): No such file or directory in /var/www/html/catalog/controller/extension/module/nitro.php on line 162
2018-05-18 8:59:59 - PHP Warning:  unlink(/var/www/html/image/cache/catalog/demo/manufacturer/burgerking-130x100.png): No such file or directory in /var/www/html/catalog/controller/extension/module/nitro.php on line 162
2018-05-18 16:31:48 - PHP Warning:  unlink(/var/www/html/storage/cache/cache.catalog.language.1526664708): No such file or directory in /var/www/html/system/library/cache/file.php on line 68
2018-05-18 17:12:34 - PHP Warning:  Missing argument 2 for Template::__construct(), called in /var/www/html/storage/modification/system/engine/loader.php on line 119 and defined in /var/www/html/storage/modification/system/library/template.php on line 24
2018-05-18 17:12:34 - PHP Notice:  Undefined variable: registry in /var/www/html/storage/modification/system/library/template.php on line 31
2018-05-18 19:20:53 - PHP Notice:  Undefined index: HTTP_USER_AGENT in /var/www/html/catalog/controller/extension/module/d_ajax_search.php on line 27
2018-05-18 21:08:20 - PHP Notice:  Undefined index: HTTP_USER_AGENT in /var/www/html/catalog/controller/extension/module/d_ajax_search.php on line 27
2018-05-19 5:46:18 - PHP Warning:  unlink(/var/www/html/storage/cache/cache.catalog.language.1526712377): No such file or directory in /var/www/html/system/library/cache/file.php on line 68
2018-05-19 5:46:21 - PHP Warning:  unlink(/var/www/html/storage/cache/cache.catalog.language.1526712381): No such file or directory in /var/www/html/system/library/cache/file.php on line 68
2018-05-19 7:18:35 - PHP Notice:  Undefined index: HTTP_USER_AGENT in /var/www/html/catalog/controller/extension/module/d_ajax_search.php on line 27
